[2020-07-02T10:10:54.688497+00:00] Bloggers Functions.INFO: Admin account created successfully [] []
[2020-07-02T10:10:55.073355+00:00] Session Manager.INFO: Created session 20 [] []
[2020-07-02T10:10:59.862355+00:00] Bloggers Functions.INFO: Admin account created successfully [] []
[2020-07-02T10:11:00.796841+00:00] Session Manager.INFO: Created session 21 [] []
[2020-07-02T10:11:05.496229+00:00] Bloggers Functions.INFO: Admin account created successfully [] []
[2020-07-02T10:11:05.920578+00:00] Session Manager.INFO: Created session 22 [] []
[2020-07-02T12:10:34.787863+00:00] Bloggers Functions.INFO: Admin account created successfully [] []
[2020-07-02T12:10:35.072508+00:00] Session Manager.INFO: Created session 23 [] []
[2020-07-02T12:10:44.598956+00:00] Bloggers Functions.INFO: Admin account created successfully [] []
[2020-07-02T12:10:44.943266+00:00] Session Manager.INFO: Created session 24 [] []
[2020-07-02T12:11:24.396067+00:00] Bloggers Functions.INFO: Admin account created successfully [] []
[2020-07-02T12:11:24.766434+00:00] Session Manager.INFO: Created session 25 [] []
[2020-07-02T12:12:25.301391+00:00] Bloggers Functions.INFO: Admin account created successfully [] []
[2020-07-02T12:12:25.550840+00:00] Session Manager.INFO: Created session 26 [] []
[2020-07-02T12:16:59.828313+00:00] Bloggers Functions.INFO: Admin account created successfully [] []
[2020-07-02T12:17:00.233752+00:00] Session Manager.INFO: Created session 27 [] []
[2020-07-02T12:20:48.753594+00:00] Bloggers Functions.INFO: Admin account created successfully [] []
[2020-07-02T12:20:49.422586+00:00] Session Manager.INFO: Created session 28 [] []
[2020-07-02T12:35:40.278054+00:00] Bloggers Functions.INFO: Email bran@gmail.com logged in [] []
[2020-07-02T12:35:40.397023+00:00] Bloggers Functions.INFO: Email bran@gmail.com logged in [] []
[2020-07-02T12:35:40.653653+00:00] Session Manager.INFO: Deleted session 28 [] []
[2020-07-02T12:35:41.031671+00:00] Session Manager.INFO: Created session 28 [] []
[2020-07-02T12:35:45.055541+00:00] Bloggers Functions.INFO: Email bran@gmail.com logged in [] []
[2020-07-02T12:35:45.177937+00:00] Bloggers Functions.INFO: Email bran@gmail.com logged in [] []
[2020-07-02T12:35:45.465838+00:00] Session Manager.INFO: Deleted session 28 [] []
[2020-07-02T12:35:45.720647+00:00] Session Manager.INFO: Created session 28 [] []
[2020-07-02T12:36:32.735251+00:00] Bloggers Functions.INFO: Email bran@gmail.com logged in [] []
[2020-07-02T12:36:32.849843+00:00] Bloggers Functions.INFO: Email bran@gmail.com logged in [] []
[2020-07-02T12:36:33.228649+00:00] Session Manager.INFO: Deleted session 28 [] []
[2020-07-02T12:36:33.630084+00:00] Session Manager.INFO: Created session 28 [] []
[2020-07-02T12:36:42.483280+00:00] Bloggers Functions.INFO: Email bran@gmail.com logged in [] []
[2020-07-02T12:36:42.600041+00:00] Bloggers Functions.INFO: Email bran@gmail.com logged in [] []
[2020-07-02T12:36:42.786876+00:00] Session Manager.INFO: Deleted session 28 [] []
[2020-07-02T12:36:42.987444+00:00] Session Manager.INFO: Created session 28 [] []
[2020-07-02T12:37:33.705593+00:00] Bloggers Functions.INFO: Email bran@gmail.com logged in [] []
[2020-07-02T12:37:33.824303+00:00] Bloggers Functions.INFO: Email bran@gmail.com logged in [] []
[2020-07-02T12:37:34.258216+00:00] Session Manager.INFO: Deleted session 28 [] []
[2020-07-02T12:37:34.692469+00:00] Session Manager.INFO: Created session 28 [] []
[2020-07-02T12:37:36.415288+00:00] Bloggers Functions.INFO: Email bran@gmail.com logged in [] []
[2020-07-02T12:37:36.532239+00:00] Bloggers Functions.INFO: Email bran@gmail.com logged in [] []
[2020-07-02T12:37:36.863640+00:00] Session Manager.INFO: Deleted session 28 [] []
[2020-07-02T12:37:37.188762+00:00] Session Manager.INFO: Created session 28 [] []
[2020-07-02T12:39:34.737420+00:00] Bloggers Functions.INFO: Email bran@gmail.com logged in [] []
[2020-07-02T12:39:34.854393+00:00] Bloggers Functions.INFO: Email bran@gmail.com logged in [] []
[2020-07-02T12:39:35.194123+00:00] Session Manager.INFO: Deleted session 28 [] []
[2020-07-02T12:39:35.694949+00:00] Session Manager.INFO: Created session 28 [] []
[2020-07-02T12:51:17.130690+00:00] Bloggers Functions.INFO: Login failed for user bran@gmail.com [] []
[2020-07-02T12:51:17.296056+00:00] Bloggers Functions.INFO: Login failed for user bran@gmail.com [] []
[2020-07-02T12:51:23.162074+00:00] Bloggers Functions.INFO: Login failed for user bran@gmail.com [] []
[2020-07-02T12:51:23.279007+00:00] Bloggers Functions.INFO: Login failed for user bran@gmail.com [] []
[2020-07-02T12:53:12.168900+00:00] Bloggers Functions.INFO: Login failed for user bran@gmail.com [] []
[2020-07-02T12:53:12.287305+00:00] Bloggers Functions.INFO: Login failed for user bran@gmail.com [] []
[2020-07-02T12:55:47.302674+00:00] Bloggers Functions.INFO: Login failed for user bran@gmail.com [] []
[2020-07-02T12:55:47.419344+00:00] Bloggers Functions.INFO: Login failed for user bran@gmail.com [] []
[2020-07-02T12:55:54.348423+00:00] Bloggers Functions.INFO: Email bran@gmail.com logged in [] []
[2020-07-02T12:55:54.462738+00:00] Bloggers Functions.INFO: Email bran@gmail.com logged in [] []
[2020-07-02T12:55:55.193494+00:00] Session Manager.INFO: Deleted session 28 [] []
[2020-07-02T12:55:55.549823+00:00] Session Manager.INFO: Created session 28 [] []
[2020-07-08T06:28:35.718464+00:00] Bloggers Functions.INFO: Email bran@gmail.com logged in [] []
[2020-07-08T06:28:35.876782+00:00] Bloggers Functions.INFO: Email bran@gmail.com logged in [] []
[2020-07-08T06:28:36.120424+00:00] Session Manager.INFO: Deleted session 28 [] []
[2020-07-08T06:28:36.298756+00:00] Session Manager.INFO: Created session 28 [] []
[2020-07-08T06:49:10.553722+00:00] Bloggers Functions.INFO: Email bran@gmail.com logged in [] []
[2020-07-08T06:49:10.668090+00:00] Bloggers Functions.INFO: Email bran@gmail.com logged in [] []
[2020-07-08T06:49:10.776251+00:00] Session Manager.INFO: Deleted session 28 [] []
[2020-07-08T06:49:10.854510+00:00] Session Manager.INFO: Created session 28 [] []
[2020-07-08T06:51:20.601338+00:00] Bloggers Functions.INFO: Email bran@gmail.com logged in [] []
[2020-07-08T06:51:20.715827+00:00] Bloggers Functions.INFO: Email bran@gmail.com logged in [] []
[2020-07-08T06:51:20.887437+00:00] Session Manager.INFO: Deleted session 28 [] []
[2020-07-08T06:51:20.965228+00:00] Session Manager.INFO: Created session 28 [] []
[2020-07-08T07:57:29.986250+00:00] Bloggers Functions.INFO: Email bran@gmail.com logged in [] []
[2020-07-08T07:57:30.129821+00:00] Bloggers Functions.INFO: Email bran@gmail.com logged in [] []
[2020-07-08T07:57:30.371968+00:00] Session Manager.INFO: Deleted session 28 [] []
[2020-07-08T07:57:30.492741+00:00] Session Manager.INFO: Created session 28 [] []
[2020-07-08T08:36:41.017165+00:00] Bloggers Functions.ERROR: Failed adding post Neymar is hereCannot add or update a child row: a foreign key constraint fails (`dunda`.`blog_posts`, CONSTRAINT `blog_posts_ibfk_2` FOREIGN KEY (`categoryID`) REFERENCES `categories` (`categoryID`)) Cannot add or update a child row: a foreign key constraint fails (`dunda`.`blog_posts`, CONSTRAINT `blog_posts_ibfk_2` FOREIGN KEY (`categoryID`) REFERENCES `categories` (`categoryID`)) [] []
[2020-07-08T08:36:49.242567+00:00] Bloggers Functions.ERROR: Failed adding post Neymar is hereCannot add or update a child row: a foreign key constraint fails (`dunda`.`blog_posts`, CONSTRAINT `blog_posts_ibfk_2` FOREIGN KEY (`categoryID`) REFERENCES `categories` (`categoryID`)) Cannot add or update a child row: a foreign key constraint fails (`dunda`.`blog_posts`, CONSTRAINT `blog_posts_ibfk_2` FOREIGN KEY (`categoryID`) REFERENCES `categories` (`categoryID`)) [] []
[2020-07-08T09:09:11.431648+00:00] Bloggers Functions.INFO: Post Neymar to Barca added succesfully by 28 [] []
[2020-07-08T09:26:45.762644+00:00] Bloggers Functions.INFO: Post Arsenal's win added succesfully by 28 [] []
[2020-07-09T11:14:46.955399+00:00] Bloggers Functions.INFO: Post This is new about Guenduzzi added succesfully by 28 [] []
[2020-07-09T11:25:04.555598+00:00] Bloggers Functions.INFO: Post Testing description added succesfully by 28 [] []
[2020-07-09T11:27:47.705194+00:00] Bloggers Functions.INFO: Post Testing content added succesfully by 28 [] []
[2020-07-09T11:57:56.546895+00:00] Bloggers Functions.INFO: Post This is a great test added succesfully by 28 [] []
[2020-07-10T07:44:53.577444+00:00] Bloggers Functions.INFO: 20 deleted successfully [] []
[2020-07-10T08:16:44.884549+00:00] Bloggers Functions.INFO:  details updated <p>Frown big normal, data bwana. Kabisa very much and detailed</p>  [] []
[2020-07-10T08:22:21.348465+00:00] Bloggers Functions.INFO:  details updated <p>Frown big normal, data bwana</p>  [] []
[2020-07-10T08:24:26.570820+00:00] Bloggers Functions.INFO: 25 details updated <p>Frown big normal, data bwana</p>  [] []
[2020-07-10T08:26:59.701145+00:00] Bloggers Functions.INFO: 24 details updated  [] []
[2020-07-10T08:29:44.938921+00:00] Bloggers Functions.INFO: 24 details updated <p>Loaded</p>  [] []
[2020-07-10T13:26:23.172327+00:00] Bloggers Functions.INFO: Email bran@gmail.com logged in [] []
[2020-07-10T13:26:23.288573+00:00] Bloggers Functions.INFO: Email bran@gmail.com logged in [] []
[2020-07-10T13:26:23.452703+00:00] Session Manager.INFO: Deleted session 28 [] []
[2020-07-10T13:26:23.619905+00:00] Session Manager.INFO: Created session 28 [] []
[2020-07-10T13:37:09.852188+00:00] Bloggers Functions.INFO: 25 details updated <p>Frown big normal, data bwana</p>  [] []
[2020-07-10T13:42:16.802799+00:00] Bloggers Functions.INFO: Post 25 published [] []
[2020-07-10T13:42:44.883677+00:00] Bloggers Functions.INFO: Post 25 unpublished [] []
[2020-07-10T14:07:04.683885+00:00] Bloggers Functions.INFO: Post COw added succesfully by 28 [] []
[2020-07-10T14:24:10.854889+00:00] Bloggers Functions.ERROR: File not found /img/p-images/8c554074fabe2f4fb174be61534d1a0bwerner-bola.jpg [] []
[2020-07-10T14:48:48.891639+00:00] Bloggers Functions.ERROR: File not found /img/p-images/a20a17542a1a2a0d678cb21563985b09download-uefa.jpeg [] []
[2020-07-10T14:50:36.824350+00:00] Bloggers Functions.ERROR: File not found /img/p-images/8c554074fabe2f4fb174be61534d1a0bwerner-bola.jpg [] []
[2020-07-10T14:54:10.242380+00:00] Bloggers Functions.ERROR: File not found /img/p-images/8c554074fabe2f4fb174be61534d1a0bwerner-bola.jpg [] []
[2020-07-10T15:06:46.006202+00:00] Bloggers Functions.ERROR: File not found /img/p-images/ab503e6eefa5c6f9eae34f0694cd0af9landscape .png [] []
[2020-07-10T15:15:28.137822+00:00] Bloggers Functions.INFO: Email bran@gmail.com logged in [] []
[2020-07-10T15:15:28.254774+00:00] Bloggers Functions.INFO: Email bran@gmail.com logged in [] []
[2020-07-10T15:15:28.678658+00:00] Session Manager.INFO: Deleted session 28 [] []
[2020-07-10T15:15:29.017712+00:00] Session Manager.INFO: Created session 28 [] []
[2020-07-10T15:16:04.862796+00:00] Bloggers Functions.ERROR: File not found /img/p-images/8c554074fabe2f4fb174be61534d1a0bwerner-bola.jpg [] []
[2020-07-10T15:17:34.786301+00:00] Bloggers Functions.ERROR: File not found bana /img/p-images/8c554074fabe2f4fb174be61534d1a0bwerner-bola.jpg [] []
[2020-07-10T15:18:46.947908+00:00] Bloggers Functions.INFO: Image ../../img/p-images/8c554074fabe2f4fb174be61534d1a0bwerner-bola.jpg deleted successfully [] []
[2020-07-10T15:18:47.101252+00:00] Bloggers Functions.INFO: 26 image update successfully [] []
[2020-07-10T15:27:13.789283+00:00] Bloggers Functions.INFO: Image ../../img/p-images/a1b9d06bad5aeddd896fee69569dd9b0photo6003447549559682512.jpg deleted successfully [] []
[2020-07-10T15:27:13.942935+00:00] Bloggers Functions.INFO: 26 image update successfully [] []
[2020-07-10T15:32:15.943417+00:00] Bloggers Functions.INFO: Image ../../img/p-images/182ccce27dbdaadf32017124f2803d49gtweet4.jpg deleted successfully [] []
[2020-07-10T15:32:16.026811+00:00] Bloggers Functions.INFO: 26 image update successfully [] []
[2020-07-10T15:32:39.678150+00:00] Bloggers Functions.INFO: Image ../../img/p-images/ab503e6eefa5c6f9eae34f0694cd0af9landscape .png deleted successfully [] []
[2020-07-10T15:32:39.831871+00:00] Bloggers Functions.INFO: 25 image update successfully [] []
[2020-07-12T01:24:23.768137+00:00] Bloggers Functions.INFO: Email bran@gmail.com logged in [] []
[2020-07-12T01:24:24.010074+00:00] Bloggers Functions.INFO: Email bran@gmail.com logged in [] []
[2020-07-12T01:24:24.465786+00:00] Session Manager.INFO: Deleted session 28 [] []
[2020-07-12T01:24:24.710870+00:00] Session Manager.INFO: Created session 28 [] []
[2020-07-12T01:53:31.124547+00:00] Bloggers Functions.INFO: Updated blogger 28 details [] []
[2020-07-12T01:57:52.967125+00:00] Bloggers Functions.INFO: Updated blogger 28 details [] []
[2020-07-12T02:00:30.204043+00:00] Bloggers Functions.ERROR: Failed verifying password : more than one rows fetched 28 [] []
[2020-07-12T02:01:14.146586+00:00] Bloggers Functions.ERROR: Failed verifying password : more than one rows fetched 28 [] []
[2020-07-12T02:01:16.655587+00:00] Bloggers Functions.ERROR: Failed verifying password : more than one rows fetched 28 [] []
[2020-07-12T17:52:29.544321+00:00] Bloggers Functions.ERROR: Failed verifying password : more than one rows fetched 28 [] []
[2020-07-12T17:53:03.450198+00:00] Bloggers Functions.ERROR: Failed verifying password : more than one rows fetched 28 [] []
[2020-07-12T17:56:50.075083+00:00] Bloggers Functions.ERROR: Failed verifying password : more than one rows fetched 28 -1 [] []
[2020-07-12T18:02:04.278358+00:00] Bloggers Functions.INFO: 28 password changed [] []
[2020-07-12T18:05:35.294763+00:00] Bloggers Functions.INFO: Input password does not match with old for 28 [] []
[2020-07-12T18:07:18.780795+00:00] Bloggers Functions.INFO: 28 password changed [] []
[2020-07-12T18:07:47.605956+00:00] Bloggers Functions.INFO: 28 password changed [] []
[2020-07-12T18:31:18.202302+00:00] Bloggers Functions.ERROR: File not found img/br-images/brandsc0016.jpg [] []
[2020-07-12T18:33:28.598645+00:00] Bloggers Functions.ERROR: File not found img/br-images/brandsc0016.jpg [] []
[2020-07-12T18:38:10.465877+00:00] Bloggers Functions.INFO: Image ../../img/br-images/brandsc0016.jpg deleted successfully [] []
[2020-07-12T18:38:10.641422+00:00] Bloggers Functions.INFO: 28 image update successfully [] []
[2020-07-12T18:38:37.942234+00:00] Bloggers Functions.INFO: Post 24 published [] []
[2020-07-13T06:57:04.269090+00:00] Session Manager.INFO: Deleted session  [] []
[2020-07-13T07:03:41.443561+00:00] Bloggers Functions.INFO: Login failed for user bran@gmail.com [] []
[2020-07-13T07:03:49.791685+00:00] Bloggers Functions.INFO: Email bran@gmail.com logged in [] []
[2020-07-13T07:03:50.056372+00:00] Session Manager.INFO: Deleted session 28 [] []
[2020-07-13T07:03:50.145067+00:00] Session Manager.INFO: Created session 28 [] []
[2020-07-13T07:38:49.607088+00:00] Bloggers Functions.INFO: Email bran@gmail.com logged in [] []
[2020-07-13T07:38:50.006721+00:00] Session Manager.INFO: Deleted session 28 [] []
[2020-07-13T07:38:50.306611+00:00] Session Manager.INFO: Created session 28 [] []
[2020-07-13T07:40:26.463728+00:00] Bloggers Functions.INFO: Email bran@gmail.com logged in [] []
[2020-07-13T07:40:26.584884+00:00] Session Manager.INFO: Deleted session 28 [] []
[2020-07-13T07:40:26.714128+00:00] Session Manager.INFO: Created session 28 [] []
[2020-07-13T07:41:52.903032+00:00] Bloggers Functions.INFO: Email bran@gmail.com logged in [] []
[2020-07-13T07:41:53.019764+00:00] Session Manager.INFO: Deleted session 28 [] []
[2020-07-13T07:41:53.161157+00:00] Session Manager.INFO: Created session 28 [] []
[2020-07-13T08:03:45.921864+00:00] Bloggers Functions.INFO: Email bran@gmail.com logged in [] []
[2020-07-13T08:03:46.266047+00:00] Session Manager.INFO: Deleted session 28 [] []
[2020-07-13T08:03:46.487935+00:00] Session Manager.INFO: Created session 28 [] []
[2020-07-13T08:06:44.250283+00:00] Bloggers Functions.INFO: Email bran@gmail.com logged in [] []
[2020-07-13T08:06:44.252186+00:00] Session Manager.INFO: Session 28 exists [] []
[2020-07-13T08:06:44.392334+00:00] Session Manager.INFO: Deleted session 28 [] []
[2020-07-13T08:06:44.509625+00:00] Session Manager.INFO: Created session 28 [] []
[2020-07-13T08:08:17.756993+00:00] Bloggers Functions.INFO: Email bran@gmail.com logged in [] []
[2020-07-13T08:08:17.758785+00:00] Session Manager.INFO: Session 28 exists [] []
[2020-07-13T08:08:17.863054+00:00] Session Manager.INFO: Deleted session 28 [] []
[2020-07-13T08:08:17.974584+00:00] Session Manager.INFO: Created session 28 [] []
[2020-07-13T08:19:20.525232+00:00] Bloggers Functions.INFO: Email bran@gmail.com logged in [] []
[2020-07-13T08:19:20.527205+00:00] Session Manager.INFO: Session 28 does not exist [] []
[2020-07-13T08:19:20.626777+00:00] Session Manager.INFO: Created session 28 [] []
[2020-07-13T08:19:46.514683+00:00] Bloggers Functions.INFO: Email bran@gmail.com logged in [] []
[2020-07-13T08:19:46.517541+00:00] Session Manager.INFO: Session 28 does not exist [] []
[2020-07-13T08:19:46.642970+00:00] Session Manager.INFO: Created session 28 [] []
[2020-07-13T08:21:02.220668+00:00] Bloggers Functions.INFO: Email bran@gmail.com logged in [] []
[2020-07-13T08:21:02.222706+00:00] Session Manager.INFO: Session 28 does not exist [] []
[2020-07-13T08:21:02.332616+00:00] Session Manager.INFO: Created session 28 [] []
[2020-07-13T08:21:16.548476+00:00] Bloggers Functions.INFO: Email bran@gmail.com logged in [] []
[2020-07-13T08:21:16.550330+00:00] Session Manager.INFO: Session 28 does not exist [] []
[2020-07-13T08:21:16.649226+00:00] Session Manager.INFO: Created session 28 [] []
[2020-07-13T08:22:16.521541+00:00] Bloggers Functions.INFO: Email bran@gmail.com logged in [] []
[2020-07-13T08:22:16.523623+00:00] Session Manager.INFO: Session 28 does not exist [] []
[2020-07-13T08:22:16.701172+00:00] Session Manager.INFO: Created session 28 [] []
[2020-07-13T08:23:21.201873+00:00] Bloggers Functions.INFO: Email bran@gmail.com logged in [] []
[2020-07-13T08:23:21.203874+00:00] Session Manager.INFO: Session 28 does not exist [] []
[2020-07-13T08:23:21.310093+00:00] Session Manager.INFO: Created session 28 [] []
[2020-07-13T08:23:59.964062+00:00] Bloggers Functions.INFO: Email bran@gmail.com logged in [] []
[2020-07-13T08:23:59.965772+00:00] Session Manager.INFO: Session 28 does not exist [] []
[2020-07-13T08:24:00.060609+00:00] Session Manager.INFO: Created session 28 [] []
[2020-07-29T17:33:45.607903+00:00] Bloggers Functions.INFO: Login failed for user kellybrian@gmail.com [] []
[2020-07-29T17:33:45.791719+00:00] Bloggers Functions.INFO: Login failed for user kellybrian@gmail.com [] []
[2020-07-29T17:33:45.905647+00:00] Bloggers Functions.INFO: Login failed for user kellybrian@gmail.com [] []
[2020-07-29T17:33:46.019617+00:00] Bloggers Functions.INFO: Login failed for user kellybrian@gmail.com [] []
[2020-07-29T17:33:46.133467+00:00] Bloggers Functions.INFO: Login failed for user kellybrian@gmail.com [] []
[2020-07-29T17:33:46.247310+00:00] Bloggers Functions.INFO: Login failed for user kellybrian@gmail.com [] []
[2020-07-29T17:33:46.361562+00:00] Bloggers Functions.INFO: Login failed for user kellybrian@gmail.com [] []
[2020-07-29T17:33:46.475504+00:00] Bloggers Functions.INFO: Login failed for user kellybrian@gmail.com [] []
[2020-07-29T17:33:46.590955+00:00] Bloggers Functions.INFO: Login failed for user kellybrian@gmail.com [] []
[2020-07-29T17:33:54.579843+00:00] Bloggers Functions.INFO: Email kellybrian@gmail.com logged in [] []
[2020-07-29T17:33:54.694003+00:00] Bloggers Functions.INFO: Email kellybrian@gmail.com logged in [] []
[2020-07-29T17:33:54.808500+00:00] Bloggers Functions.INFO: Email kellybrian@gmail.com logged in [] []
[2020-07-29T17:33:54.922485+00:00] Bloggers Functions.INFO: Email kellybrian@gmail.com logged in [] []
[2020-07-29T17:33:55.036329+00:00] Bloggers Functions.INFO: Email kellybrian@gmail.com logged in [] []
[2020-07-29T17:33:55.150158+00:00] Bloggers Functions.INFO: Email kellybrian@gmail.com logged in [] []
[2020-07-29T17:33:55.264298+00:00] Bloggers Functions.INFO: Email kellybrian@gmail.com logged in [] []
[2020-07-29T17:33:55.378552+00:00] Bloggers Functions.INFO: Email kellybrian@gmail.com logged in [] []
[2020-07-29T17:33:55.492507+00:00] Bloggers Functions.INFO: Email kellybrian@gmail.com logged in [] []
[2020-07-29T17:33:55.494169+00:00] Session Manager.INFO: Session 14 exists [] []
[2020-07-29T17:33:55.808937+00:00] Session Manager.INFO: Deleted session 14 [] []
[2020-07-29T17:33:55.970506+00:00] Session Manager.INFO: Created session 14 [] []
[2020-08-07T04:54:22.794897+00:00] Bloggers Functions.INFO: Post 15 published [] []
[2020-08-07T04:54:29.652292+00:00] Bloggers Functions.INFO: Post 12 published [] []
[2020-08-07T04:54:37.778763+00:00] Bloggers Functions.INFO: Post 11 published [] []
[2020-08-07T04:54:45.334189+00:00] Bloggers Functions.INFO: Post 10 published [] []
[2020-08-07T07:54:29.996095+00:00] Bloggers Functions.INFO: Post 8 published [] []
[2020-08-07T07:54:37.319499+00:00] Bloggers Functions.INFO: Post 9 published [] []
[2020-08-07T07:54:44.008641+00:00] Bloggers Functions.INFO: Post 13 published [] []
[2020-08-07T07:54:49.576678+00:00] Bloggers Functions.INFO: Post 12 published [] []
[2020-08-07T07:54:54.942120+00:00] Bloggers Functions.INFO: Post 10 published [] []
[2020-08-07T07:55:00.383933+00:00] Bloggers Functions.INFO: Post 10 published [] []
[2020-08-07T10:15:31.506791+00:00] Bloggers Functions.INFO: Post 7 published [] []
[2020-08-07T10:15:36.038519+00:00] Bloggers Functions.INFO: Post 9 published [] []
[2020-08-07T10:15:45.011814+00:00] Bloggers Functions.INFO: Post 3 published [] []
[2020-08-07T10:16:10.345701+00:00] Bloggers Functions.INFO: Post 4 published [] []
[2020-08-10T08:48:39.587190+00:00] Posts Functions.INFO: Post 3 set as trending [] []
[2020-08-10T08:49:04.099968+00:00] Posts Functions.INFO: Post 3 set as trending [] []
[2020-08-10T08:53:05.037528+00:00] Posts Functions.INFO: Post 10 set as trending [] []
[2020-08-10T08:53:38.195780+00:00] Posts Functions.INFO: Post 10 set as trending [] []
[2020-08-10T08:53:45.288459+00:00] Posts Functions.INFO: Post 10 set as trending [] []
[2020-08-10T08:54:35.289083+00:00] Posts Functions.INFO: Post 10 set as trending [] []
[2020-08-10T08:54:56.139337+00:00] Posts Functions.INFO: Post 10 set as trending [] []
[2020-08-10T08:55:16.552453+00:00] Posts Functions.INFO: Post 10 set as trending [] []
[2020-08-11T09:41:56.566395+00:00] Bloggers Functions.INFO: Admin account created successfully [] []
[2020-08-11T09:41:56.595436+00:00] Session Manager.INFO: Session 29 does not exist [] []
[2020-08-11T09:41:56.681981+00:00] Session Manager.INFO: Created session 29 [] []
[2020-08-11T09:43:43.196718+00:00] Bloggers Functions.INFO: Email kellybrian@gmail.com logged in [] []
[2020-08-11T09:43:43.312285+00:00] Bloggers Functions.INFO: Email kellybrian@gmail.com logged in [] []
[2020-08-11T09:43:43.426317+00:00] Bloggers Functions.INFO: Email kellybrian@gmail.com logged in [] []
[2020-08-11T09:43:43.540185+00:00] Bloggers Functions.INFO: Email kellybrian@gmail.com logged in [] []
[2020-08-11T09:43:43.656174+00:00] Bloggers Functions.INFO: Email kellybrian@gmail.com logged in [] []
[2020-08-11T09:43:43.770069+00:00] Bloggers Functions.INFO: Email kellybrian@gmail.com logged in [] []
[2020-08-11T09:43:43.883898+00:00] Bloggers Functions.INFO: Email kellybrian@gmail.com logged in [] []
[2020-08-11T09:43:43.997695+00:00] Bloggers Functions.INFO: Email kellybrian@gmail.com logged in [] []
[2020-08-11T09:43:44.111810+00:00] Bloggers Functions.INFO: Email kellybrian@gmail.com logged in [] []
[2020-08-11T09:43:44.113520+00:00] Session Manager.INFO: Session 14 does not exist [] []
[2020-08-11T09:43:44.200175+00:00] Session Manager.INFO: Created session 14 [] []
[2020-08-11T09:45:12.578460+00:00] Bloggers Functions.INFO: Email brenda@gmail.com logged in [] []
[2020-08-11T09:45:12.580411+00:00] Session Manager.INFO: Session 29 does not exist [] []
[2020-08-11T09:45:12.704863+00:00] Session Manager.INFO: Created session 29 [] []
[2020-08-11T09:57:55.859376+00:00] Bloggers Functions.INFO: Post Brown added succesfully by 29 [] []
